{
  "stats": {
    "suites": 1,
    "tests": 1,
    "passes": 1,
    "pending": 0,
    "failures": 0,
    "start": "2025-04-18T16:18:19.159Z",
    "end": "2025-04-18T16:18:26.224Z",
    "duration": 7065,
    "testsRegistered": 1,
    "passPercent": 100,
    "pendingPercent": 0,
    "other": 0,
    "hasOther": false,
    "skipped": 0,
    "hasSkipped": false
  },
  "results": [
    {
      "uuid": "ef75eaca-4224-4fbe-99fc-39253c56d797",
      "title": "",
      "fullFile": "D:\\NL\\mocha_testui\\tests\\sesi-9\\test_login.js",
      "file": "\\tests\\sesi-9\\test_login.js",
      "beforeHooks": [],
      "afterHooks": [],
      "tests": [],
      "suites": [
        {
          "uuid": "766f35bd-2d37-463e-808c-06fb6cdeae02",
          "title": "Google Search Test",
          "fullFile": "D:\\NL\\mocha_testui\\tests\\sesi-9\\test_login.js",
          "file": "\\tests\\sesi-9\\test_login.js",
          "beforeHooks": [],
          "afterHooks": [],
          "tests": [
            {
              "title": "Visit SauceDemo dan cek page title",
              "fullTitle": "Google Search Test Visit SauceDemo dan cek page title",
              "timedOut": false,
              "duration": 7058,
              "state": "passed",
              "speed": "slow",
              "pass": true,
              "fail": false,
              "pending": false,
              "context": null,
              "code": "driver = await new Builder().forBrowser('chrome').build();\nawait driver.get('https://www.saucedemo.com');\nconst title = await driver.getTitle();\nassert.strictEqual(title, 'Swag Labs');\nlet inputUsername = await driver.findElement(By.css('[data-test=\"username\"]'))\nlet inputPassword = await driver.findElement(By.xpath('//*[@data-test=\"password\"]'))\nlet buttonLogin = await driver.findElement(By.className('submit-button btn_action'))\nawait inputUsername.sendKeys('standard_user')\nawait inputPassword.sendKeys('secret_sauce')\nawait buttonLogin.click()\nlet textAppLogo = await driver.findElement(By.className('app_logo'))\nlet logotext = await textAppLogo.getText()\nassert.strictEqual(logotext, 'Swag Labs')\nlet buttonCart = await driver.wait(\n    until.elementLocated(By.xpath('//*[@data-test=\"shopping-cart-link\"]')),\n    10000\n);\n//await driver.wait(until.elementIsVisible(buttonCart), 5000, 'shopping cart harus tampil');\n\nawait buttonCart.isDisplayed()\nawait driver.sleep(3000)\nawait driver.quit();",
              "err": {},
              "uuid": "6546a31f-3285-4c8e-b7dc-83db2e14d1a2",
              "parentUUID": "766f35bd-2d37-463e-808c-06fb6cdeae02",
              "isHook": false,
              "skipped": false
            }
          ],
          "suites": [],
          "passes": [
            "6546a31f-3285-4c8e-b7dc-83db2e14d1a2"
          ],
          "failures": [],
          "pending": [],
          "skipped": [],
          "duration": 7058,
          "root": false,
          "rootEmpty": false,
          "_timeout": 60000
        }
      ],
      "passes": [],
      "failures": [],
      "pending": [],
      "skipped": [],
      "duration": 0,
      "root": true,
      "rootEmpty": true,
      "_timeout": 60000
    }
  ],
  "meta": {
    "mocha": {
      "version": "10.8.2"
    },
    "mochawesome": {
      "options": {
        "quiet": false,
        "reportFilename": "mochawesome",
        "saveHtml": true,
        "saveJson": true,
        "consoleReporter": "spec",
        "useInlineDiffs": false,
        "code": true
      },
      "version": "7.1.3"
    },
    "marge": {
      "options": null,
      "version": "6.2.0"
    }
  }
}